TN:
SF:src\modules\users\services\AuthenticateUserService.ts
FN:20,(anonymous_18)
FN:21,AuthenticateUserService
FN:32,(anonymous_20)
FNF:3
FNH:3
FNDA:1,(anonymous_18)
FNDA:3,AuthenticateUserService
FNDA:3,(anonymous_20)
DA:1,1
DA:3,1
DA:20,1
DA:23,3
DA:26,3
DA:29,3
DA:32,3
DA:33,3
DA:35,3
DA:36,1
DA:39,2
DA:44,2
DA:45,1
DA:48,1
DA:50,1
DA:52,1
DA:54,1
LF:17
LH:17
BRDA:33,0,0,3
BRDA:35,1,0,1
BRDA:35,1,1,2
BRDA:44,2,0,1
BRDA:44,2,1,1
BRF:5
BRH:5
end_of_record
TN:
SF:src\modules\users\services\CreateUserService.ts
FN:15,(anonymous_18)
FN:16,CreateUserService
FN:24,(anonymous_20)
FNF:3
FNH:3
FNDA:1,(anonymous_18)
FNDA:3,CreateUserService
FNDA:4,(anonymous_20)
DA:1,1
DA:3,1
DA:15,1
DA:18,3
DA:21,3
DA:24,4
DA:25,4
DA:27,4
DA:28,1
DA:31,3
DA:33,3
DA:39,3
DA:41,1
DA:43,1
LF:14
LH:14
BRDA:25,0,0,4
BRDA:27,1,0,1
BRDA:27,1,1,3
BRF:3
BRH:3
end_of_record
TN:
SF:src\modules\users\services\EnsureUserTokenValidService.ts
FN:10,(anonymous_18)
FN:11,EnsureUserTokenValidService
FN:16,(anonymous_20)
FNF:3
FNH:3
FNDA:1,(anonymous_18)
FNDA:2,EnsureUserTokenValidService
FNDA:2,(anonymous_20)
DA:1,1
DA:2,1
DA:10,1
DA:13,2
DA:16,1
DA:17,2
DA:19,2
DA:20,1
DA:23,1
DA:27,1
DA:29,1
LF:11
LH:11
BRDA:19,0,0,1
BRDA:19,0,1,1
BRF:2
BRH:2
end_of_record
TN:
SF:src\modules\users\services\UploadUserAvatarService.ts
FN:14,(anonymous_18)
FN:15,UploadUserAvatarService
FN:23,(anonymous_20)
FNF:3
FNH:3
FNDA:1,(anonymous_18)
FNDA:3,UploadUserAvatarService
FNDA:4,(anonymous_20)
DA:1,1
DA:2,1
DA:14,1
DA:17,3
DA:20,3
DA:23,4
DA:24,4
DA:26,4
DA:27,1
DA:30,5
DA:31,2
DA:34,3
DA:36,3
DA:37,6
DA:39,3
DA:41,1
DA:43,1
LF:17
LH:17
BRDA:24,0,0,4
BRDA:26,1,0,1
BRDA:26,1,1,3
BRDA:30,2,0,2
BRDA:30,2,1,1
BRF:5
BRH:5
end_of_record
